./sdriver.pl -t trace01.txt -s ./tsh -a "-p"
#
# trace01.txt - Properly terminate on EOF.
#
./sdriver.pl -t trace02.txt -s ./tsh -a "-p"
#
# trace02.txt - Process builtin quit command.
#
./sdriver.pl -t trace03.txt -s ./tsh -a "-p"
#
# trace03.txt - Run a foreground job.
#
tsh> quit
./sdriver.pl -t trace04.txt -s ./tsh -a "-p"
#
# trace04.txt - Run a background job.
#
tsh> ./myspin 1 &
[1] (11166) ./myspin 1 &
./sdriver.pl -t trace05.txt -s ./tsh -a "-p"
#
# trace05.txt - Process jobs builtin command.
#
tsh> ./myspin 2 &
[1] (11171) ./myspin 2 &
tsh> ./myspin 3 &
[2] (11173) ./myspin 3 &
tsh> jobs
[1] (11171) Running ./myspin 2 &
[2] (11173) Running ./myspin 3 &
./sdriver.pl -t trace06.txt -s ./tsh -a "-p"
#
# trace06.txt - Forward SIGINT to foreground job.
#
tsh> ./myspin 4
Job [1] (11179) terminated by signal 2
./sdriver.pl -t trace07.txt -s ./tsh -a "-p"
#
# trace07.txt - Forward SIGINT only to foreground job.
#
tsh> ./myspin 4 &
[1] (11185) ./myspin 4 &
tsh> ./myspin 5
Job [2] (11187) terminated by signal 2
tsh> jobs
[1] (11185) Running ./myspin 4 &
./sdriver.pl -t trace08.txt -s ./tsh -a "-p"
#
# trace08.txt - Forward SIGTSTP only to foreground job.
#
tsh> ./myspin 4 &
[1] (11193) ./myspin 4 &
tsh> ./myspin 5
Job [2] (11195) stopped by signal 20
tsh> jobs
[1] (11193) Running ./myspin 4 &
[2] (11195) Stopped ./myspin 5 
./sdriver.pl -t trace09.txt -s ./tsh -a "-p"
#
# trace09.txt - Process bg builtin command
#
tsh> ./myspin 4 &
[1] (11201) ./myspin 4 &
tsh> ./myspin 5
Job [2] (11203) stopped by signal 20
tsh> jobs
[1] (11201) Running ./myspin 4 &
[2] (11203) Stopped ./myspin 5 
tsh> bg %2
[2] (11203) ./myspin 5 
tsh> jobs
[1] (11201) Running ./myspin 4 &
[2] (11203) Running ./myspin 5 
./sdriver.pl -t trace10.txt -s ./tsh -a "-p"
#
# trace10.txt - Process fg builtin command. 
#
tsh> ./myspin 4 &
[1] (11211) ./myspin 4 &
tsh> fg %1
Job [1] (11211) stopped by signal 20
tsh> jobs
[1] (11211) Stopped ./myspin 4 &
tsh> fg %1
tsh> jobs
./sdriver.pl -t trace11.txt -s ./tsh -a "-p"
#
# trace11.txt - Forward SIGINT to every process in foreground process group
#
tsh> ./mysplit 4
Job [1] (11220) terminated by signal 2
tsh> /bin/ps a
  PID TTY      STAT   TIME COMMAND
11151 pts/1    S+     0:00 make test01 test02 test03 test04 test05 test06 test07 test08 test09 test10 test11 test12 test13 test14 test15 test16
11216 pts/1    S+     0:00 /bin/sh -c ./sdriver.pl -t trace11.txt -s ./tsh -a "-p"
11217 pts/1    S+     0:00 /usr/bin/perl ./sdriver.pl -t trace11.txt -s ./tsh -a -p
11218 pts/1    S+     0:00 ./tsh -p
11223 pts/1    R      0:00 /bin/ps a
14862 pts/9    Ss+    0:00 -bash
15429 pts/5    Ss+    0:00 -bash
19251 pts/6    Ssl+ 1282:51 docker serve --address unix:///home/shaoly/.docker/run/docker-cli-api.sock
19272 pts/2    Ssl+ 1337:48 /mnt/wsl/docker-desktop/docker-desktop-proxy --distro-name Ubuntu-18.04 --docker-desktop-root /mnt/wsl/docker-desktop --use-cloud-cli=true
20015 pts/1    Ss     0:01 -bash
23918 pts/3    Ss     0:00 -bash
26680 pts/0    S+     0:00 tmux a
26732 pts/3    S+     0:10 htop
28129 pts/0    Ss     0:00 -bash
31874 pts/4    Ss+    0:00 -bash
./sdriver.pl -t trace12.txt -s ./tsh -a "-p"
#
# trace12.txt - Forward SIGTSTP to every process in foreground process group
#
tsh> ./mysplit 4
Job [1] (11228) stopped by signal 20
tsh> jobs
[1] (11228) Stopped ./mysplit 4 
tsh> /bin/ps a
  PID TTY      STAT   TIME COMMAND
11151 pts/1    S+     0:00 make test01 test02 test03 test04 test05 test06 test07 test08 test09 test10 test11 test12 test13 test14 test15 test16
11224 pts/1    S+     0:00 /bin/sh -c ./sdriver.pl -t trace12.txt -s ./tsh -a "-p"
11225 pts/1    S+     0:00 /usr/bin/perl ./sdriver.pl -t trace12.txt -s ./tsh -a -p
11226 pts/1    S+     0:00 ./tsh -p
11228 pts/1    T      0:00 ./mysplit 4
11229 pts/1    T      0:00 ./mysplit 4
11232 pts/1    R      0:00 /bin/ps a
14862 pts/9    Ss+    0:00 -bash
15429 pts/5    Ss+    0:00 -bash
19251 pts/6    Ssl+ 1282:51 docker serve --address unix:///home/shaoly/.docker/run/docker-cli-api.sock
19272 pts/2    Ssl+ 1337:48 /mnt/wsl/docker-desktop/docker-desktop-proxy --distro-name Ubuntu-18.04 --docker-desktop-root /mnt/wsl/docker-desktop --use-cloud-cli=true
20015 pts/1    Ss     0:01 -bash
23918 pts/3    Ss     0:00 -bash
26680 pts/0    S+     0:00 tmux a
26732 pts/3    S+     0:10 htop
28129 pts/0    Ss     0:00 -bash
31874 pts/4    Ss+    0:00 -bash
./sdriver.pl -t trace13.txt -s ./tsh -a "-p"
#
# trace13.txt - Restart every stopped process in process group
#
tsh> ./mysplit 4
Job [1] (11237) stopped by signal 20
tsh> jobs
[1] (11237) Stopped ./mysplit 4 
tsh> /bin/ps a
  PID TTY      STAT   TIME COMMAND
11151 pts/1    S+     0:00 make test01 test02 test03 test04 test05 test06 test07 test08 test09 test10 test11 test12 test13 test14 test15 test16
11233 pts/1    S+     0:00 /bin/sh -c ./sdriver.pl -t trace13.txt -s ./tsh -a "-p"
11234 pts/1    S+     0:00 /usr/bin/perl ./sdriver.pl -t trace13.txt -s ./tsh -a -p
11235 pts/1    S+     0:00 ./tsh -p
11237 pts/1    T      0:00 ./mysplit 4
11238 pts/1    T      0:00 ./mysplit 4
11241 pts/1    R      0:00 /bin/ps a
14862 pts/9    Ss+    0:00 -bash
15429 pts/5    Ss+    0:00 -bash
19251 pts/6    Ssl+ 1282:51 docker serve --address unix:///home/shaoly/.docker/run/docker-cli-api.sock
19272 pts/2    Ssl+ 1337:48 /mnt/wsl/docker-desktop/docker-desktop-proxy --distro-name Ubuntu-18.04 --docker-desktop-root /mnt/wsl/docker-desktop --use-cloud-cli=true
20015 pts/1    Ss     0:01 -bash
23918 pts/3    Ss     0:00 -bash
26680 pts/0    S+     0:00 tmux a
26732 pts/3    S+     0:10 htop
28129 pts/0    Ss     0:00 -bash
31874 pts/4    Ss+    0:00 -bash
tsh> fg %1
tsh> /bin/ps a
  PID TTY      STAT   TIME COMMAND
11151 pts/1    S+     0:00 make test01 test02 test03 test04 test05 test06 test07 test08 test09 test10 test11 test12 test13 test14 test15 test16
11233 pts/1    S+     0:00 /bin/sh -c ./sdriver.pl -t trace13.txt -s ./tsh -a "-p"
11234 pts/1    S+     0:00 /usr/bin/perl ./sdriver.pl -t trace13.txt -s ./tsh -a -p
11235 pts/1    S+     0:00 ./tsh -p
11244 pts/1    R      0:00 /bin/ps a
14862 pts/9    Ss+    0:00 -bash
15429 pts/5    Ss+    0:00 -bash
19251 pts/6    Ssl+ 1282:51 docker serve --address unix:///home/shaoly/.docker/run/docker-cli-api.sock
19272 pts/2    Ssl+ 1337:48 /mnt/wsl/docker-desktop/docker-desktop-proxy --distro-name Ubuntu-18.04 --docker-desktop-root /mnt/wsl/docker-desktop --use-cloud-cli=true
20015 pts/1    Ss     0:01 -bash
23918 pts/3    Ss     0:00 -bash
26680 pts/0    S+     0:00 tmux a
26732 pts/3    S+     0:10 htop
28129 pts/0    Ss     0:00 -bash
31874 pts/4    Ss+    0:00 -bash
./sdriver.pl -t trace14.txt -s ./tsh -a "-p"
#
# trace14.txt - Simple error handling
#
tsh> ./bogus
./bogus: Command not found
tsh> ./myspin 4 &
[1] (11251) ./myspin 4 &
tsh> fg
fg command requires PID or %jobid argument
tsh> bg
bg command requires PID or %jobid argument
tsh> fg a
fg: argument must be a PID or %jobid
tsh> bg a
bg: argument must be a PID or %jobid
tsh> fg 9999999
(9999999): No such process
tsh> bg 9999999
(9999999): No such process
tsh> fg %2
%2: No such job
tsh> fg %1
Job [1] (11251) stopped by signal 20
tsh> bg %2
%2: No such job
tsh> bg %1
[1] (11251) ./myspin 4 &
tsh> jobs
[1] (11251) Running ./myspin 4 &
./sdriver.pl -t trace15.txt -s ./tsh -a "-p"
#
# trace15.txt - Putting it all together
#
tsh> ./bogus
./bogus: Command not found
tsh> ./myspin 10
Job [1] (11269) terminated by signal 2
tsh> ./myspin 3 &
[1] (11271) ./myspin 3 &
tsh> ./myspin 4 &
[2] (11273) ./myspin 4 &
tsh> jobs
[1] (11271) Running ./myspin 3 &
[2] (11273) Running ./myspin 4 &
tsh> fg %1
Job [1] (11271) stopped by signal 20
tsh> jobs
[1] (11271) Stopped ./myspin 3 &
[2] (11273) Running ./myspin 4 &
tsh> bg %3
%3: No such job
tsh> bg %1
[1] (11271) ./myspin 3 &
tsh> jobs
[1] (11271) Running ./myspin 3 &
[2] (11273) Running ./myspin 4 &
tsh> fg %1
tsh> quit
./sdriver.pl -t trace16.txt -s ./tsh -a "-p"
#
# trace16.txt - Tests whether the shell can handle SIGTSTP and SIGINT
#     signals that come from other processes instead of the terminal.
#
tsh> ./mystop 2
Job [1] (11286) stopped by signal 20
tsh> jobs
[1] (11286) Stopped ./mystop 2
tsh> ./myint 2
Job [2] (11289) terminated by signal 2
